\BOOKMARK [1][-]{Doc-Start}{Remerciements}{}% 1
\BOOKMARK [1][-]{Doc-Start}{Sommaire}{}% 2
\BOOKMARK [1][-]{section.1}{Pr\351sentation du contexte du projet}{}% 3
\BOOKMARK [2][-]{subsection.1.1}{Mobile Devices Ing\351nierie}{section.1}% 4
\BOOKMARK [3][-]{subsubsection.1.1.1}{Qui est MDI?}{subsection.1.1}% 5
\BOOKMARK [3][-]{subsubsection.1.1.2}{Domaine d'activit\351 et Strat\351gie }{subsection.1.1}% 6
\BOOKMARK [3][-]{subsubsection.1.1.3}{Organisation et produits}{subsection.1.1}% 7
\BOOKMARK [2][-]{subsection.1.2}{Pr\351sentation du projet}{section.1}% 8
\BOOKMARK [3][-]{subsubsection.1.2.1}{Contexte du projet}{subsection.1.2}% 9
\BOOKMARK [3][-]{subsubsection.1.2.2}{Probl\351matique}{subsection.1.2}% 10
\BOOKMARK [3][-]{subsubsection.1.2.3}{Objectifs}{subsection.1.2}% 11
\BOOKMARK [2][-]{subsection.1.3}{M\351thodologies de travail}{section.1}% 12
\BOOKMARK [3][-]{subsubsection.1.3.1}{Cycle it\351ratif }{subsection.1.3}% 13
\BOOKMARK [3][-]{subsubsection.1.3.2}{MD30 un travail d'\351quipe}{subsection.1.3}% 14
\BOOKMARK [1][-]{section.2}{Etat de l 'art}{}% 15
\BOOKMARK [2][-]{subsection.2.1}{Le premier Cloud de MDI}{section.2}% 16
\BOOKMARK [2][-]{subsection.2.2}{De CC \340 CN}{section.2}% 17
\BOOKMARK [2][-]{subsection.2.3}{Donn\351es du cloud }{section.2}% 18
\BOOKMARK [1][-]{section.3}{it\351ration 1 : nouveau BS au standard MQTT}{}% 19
\BOOKMARK [2][-]{subsection.3.1}{Conception de la premi\350re it\351ration}{section.3}% 20
\BOOKMARK [2][-]{subsection.3.2}{Descriptif du protocole:Le standard MQTT, l'essentiel \340 savoir}{section.3}% 21
\BOOKMARK [3][-]{subsubsection.3.2.1}{La couche physique}{subsection.3.2}% 22
\BOOKMARK [3][-]{subsubsection.3.2.2}{La couche transport}{subsection.3.2}% 23
\BOOKMARK [2][-]{subsection.3.3}{Specifications techniques}{section.3}% 24
\BOOKMARK [2][-]{subsection.3.4}{Impl\351mentation}{section.3}% 25
\BOOKMARK [3][-]{subsubsection.3.4.1}{Recherche \046 \351tat de l'art}{subsection.3.4}% 26
\BOOKMARK [3][-]{subsubsection.3.4.2}{D\351veloppement effectu\351}{subsection.3.4}% 27
\BOOKMARK [2][-]{subsection.3.5}{Tests \046 Performance}{section.3}% 28
\BOOKMARK [1][-]{section.4}{It\351ration2: nouveau BS englobant TCP serveur}{}% 29
\BOOKMARK [2][-]{subsection.4.1}{Spec}{section.4}% 30
\BOOKMARK [3][-]{subsubsection.4.1.1}{L'\351volution des exigences}{subsection.4.1}% 31
\BOOKMARK [3][-]{subsubsection.4.1.2}{Architecture de l'it\351ration 2 }{subsection.4.1}% 32
\BOOKMARK [2][-]{subsection.4.2}{Impl\351mentation}{section.4}% 33
\BOOKMARK [3][-]{subsubsection.4.2.1}{Control plane}{subsection.4.2}% 34
\BOOKMARK [3][-]{subsubsection.4.2.2}{Go un language pas POO}{subsection.4.2}% 35
\BOOKMARK [3][-]{subsubsection.4.2.3}{Avantages}{subsection.4.2}% 36
\BOOKMARK [3][-]{subsubsection.4.2.4}{Inconv\351nients}{subsection.4.2}% 37
\BOOKMARK [2][-]{subsection.4.3}{Test }{section.4}% 38
\BOOKMARK [2][-]{subsection.4.4}{Am\351lioration \340 effectuer}{section.4}% 39
\BOOKMARK [1][-]{section.5}{Conclusion}{}% 40
\BOOKMARK [1][-]{section.5}{Bibliographie}{}% 41
\BOOKMARK [1][-]{section*.14}{Glossaire}{}% 42
